Thu Oct 12 18:31:37 EDT 2023
c0705a-s15.ufhpc
/home/woojung.bae/EDPmediation
Bur-In End 50000 Time: Thu Oct 12 18:36:22 2023 
Gibbs Iteration 2500 ( 5 %) Time: Thu Oct 12 18:36:34 2023 
Gibbs Iteration 5000 ( 10 %) Time: Thu Oct 12 18:36:46 2023 
Gibbs Iteration 7500 ( 15 %) Time: Thu Oct 12 18:36:57 2023 
Gibbs Iteration 10000 ( 20 %) Time: Thu Oct 12 18:37:09 2023 
Gibbs Iteration 12500 ( 25 %) Time: Thu Oct 12 18:37:21 2023 
Gibbs Iteration 15000 ( 30 %) Time: Thu Oct 12 18:37:33 2023 
Gibbs Iteration 17500 ( 35 %) Time: Thu Oct 12 18:37:45 2023 
Gibbs Iteration 20000 ( 40 %) Time: Thu Oct 12 18:37:57 2023 
Gibbs Iteration 22500 ( 45 %) Time: Thu Oct 12 18:38:08 2023 
Gibbs Iteration 25000 ( 50 %) Time: Thu Oct 12 18:38:20 2023 
Gibbs Iteration 27500 ( 55 %) Time: Thu Oct 12 18:38:31 2023 
Gibbs Iteration 30000 ( 60 %) Time: Thu Oct 12 18:38:43 2023 
Gibbs Iteration 32500 ( 65 %) Time: Thu Oct 12 18:38:54 2023 
Gibbs Iteration 35000 ( 70 %) Time: Thu Oct 12 18:39:06 2023 
Gibbs Iteration 37500 ( 75 %) Time: Thu Oct 12 18:39:17 2023 
Gibbs Iteration 40000 ( 80 %) Time: Thu Oct 12 18:39:29 2023 
Gibbs Iteration 42500 ( 85 %) Time: Thu Oct 12 18:39:40 2023 
Gibbs Iteration 45000 ( 90 %) Time: Thu Oct 12 18:39:50 2023 
Gibbs Iteration 47500 ( 95 %) Time: Thu Oct 12 18:40:01 2023 
Gibbs Iteration 50000 ( 100 %) Time: Thu Oct 12 18:40:11 2023 
Post-Processing 50 ( 10 %) Time: Thu Oct 12 18:40:12 2023 
Post-Processing 100 ( 20 %) Time: Thu Oct 12 18:40:13 2023 
Post-Processing 150 ( 30 %) Time: Thu Oct 12 18:40:14 2023 
Post-Processing 200 ( 40 %) Time: Thu Oct 12 18:40:15 2023 
Post-Processing 250 ( 50 %) Time: Thu Oct 12 18:40:16 2023 
Post-Processing 300 ( 60 %) Time: Thu Oct 12 18:40:17 2023 
Post-Processing 350 ( 70 %) Time: Thu Oct 12 18:40:18 2023 
Post-Processing 400 ( 80 %) Time: Thu Oct 12 18:40:19 2023 
Post-Processing 450 ( 90 %) Time: Thu Oct 12 18:40:20 2023 
Post-Processing 500 ( 100 %) Time: Thu Oct 12 18:40:21 2023 
   user  system elapsed 
480.462   0.107 483.850 
Bur-In End 50000 Time: Thu Oct 12 18:51:33 2023 
Gibbs Iteration 1000 ( 5 %) Time: Thu Oct 12 18:51:45 2023 
Gibbs Iteration 2000 ( 10 %) Time: Thu Oct 12 18:51:57 2023 
Gibbs Iteration 3000 ( 15 %) Time: Thu Oct 12 18:52:09 2023 
Gibbs Iteration 4000 ( 20 %) Time: Thu Oct 12 18:52:22 2023 
Gibbs Iteration 5000 ( 25 %) Time: Thu Oct 12 18:52:35 2023 
Gibbs Iteration 6000 ( 30 %) Time: Thu Oct 12 18:52:48 2023 
Gibbs Iteration 7000 ( 35 %) Time: Thu Oct 12 18:53:02 2023 
Gibbs Iteration 8000 ( 40 %) Time: Thu Oct 12 18:53:15 2023 
Gibbs Iteration 9000 ( 45 %) Time: Thu Oct 12 18:53:29 2023 
Gibbs Iteration 10000 ( 50 %) Time: Thu Oct 12 18:53:42 2023 
Gibbs Iteration 11000 ( 55 %) Time: Thu Oct 12 18:53:56 2023 
Gibbs Iteration 12000 ( 60 %) Time: Thu Oct 12 18:54:10 2023 
Gibbs Iteration 13000 ( 65 %) Time: Thu Oct 12 18:54:23 2023 
Gibbs Iteration 14000 ( 70 %) Time: Thu Oct 12 18:54:37 2023 
Gibbs Iteration 15000 ( 75 %) Time: Thu Oct 12 18:54:51 2023 
Gibbs Iteration 16000 ( 80 %) Time: Thu Oct 12 18:55:04 2023 
Gibbs Iteration 17000 ( 85 %) Time: Thu Oct 12 18:55:18 2023 
Gibbs Iteration 18000 ( 90 %) Time: Thu Oct 12 18:55:31 2023 
Gibbs Iteration 19000 ( 95 %) Time: Thu Oct 12 18:55:45 2023 
Gibbs Iteration 20000 ( 100 %) Time: Thu Oct 12 18:55:58 2023 
Post-Processing 20 ( 10 %) Time: Thu Oct 12 18:55:59 2023 
Post-Processing 40 ( 20 %) Time: Thu Oct 12 18:55:59 2023 
Post-Processing 60 ( 30 %) Time: Thu Oct 12 18:56:00 2023 
Post-Processing 80 ( 40 %) Time: Thu Oct 12 18:56:00 2023 
Post-Processing 100 ( 50 %) Time: Thu Oct 12 18:56:01 2023 
Post-Processing 120 ( 60 %) Time: Thu Oct 12 18:56:01 2023 
Post-Processing 140 ( 70 %) Time: Thu Oct 12 18:56:02 2023 
Post-Processing 160 ( 80 %) Time: Thu Oct 12 18:56:02 2023 
Post-Processing 180 ( 90 %) Time: Thu Oct 12 18:56:02 2023 
Post-Processing 200 ( 100 %) Time: Thu Oct 12 18:56:03 2023 
   user  system elapsed 
935.881   0.116 941.917 
Bur-In End 20000 Time: Thu Oct 12 19:12:43 2023 
Gibbs Iteration 1000 ( 5 %) Time: Thu Oct 12 19:13:31 2023 
Gibbs Iteration 2000 ( 10 %) Time: Thu Oct 12 19:14:21 2023 
Gibbs Iteration 3000 ( 15 %) Time: Thu Oct 12 19:15:11 2023 
Gibbs Iteration 4000 ( 20 %) Time: Thu Oct 12 19:16:02 2023 
Gibbs Iteration 5000 ( 25 %) Time: Thu Oct 12 19:16:51 2023 
Gibbs Iteration 6000 ( 30 %) Time: Thu Oct 12 19:17:41 2023 
Gibbs Iteration 7000 ( 35 %) Time: Thu Oct 12 19:18:30 2023 
Gibbs Iteration 8000 ( 40 %) Time: Thu Oct 12 19:19:19 2023 
Gibbs Iteration 9000 ( 45 %) Time: Thu Oct 12 19:20:08 2023 
Gibbs Iteration 10000 ( 50 %) Time: Thu Oct 12 19:20:57 2023 
Gibbs Iteration 11000 ( 55 %) Time: Thu Oct 12 19:21:43 2023 
Gibbs Iteration 12000 ( 60 %) Time: Thu Oct 12 19:22:31 2023 
Gibbs Iteration 13000 ( 65 %) Time: Thu Oct 12 19:23:20 2023 
Gibbs Iteration 14000 ( 70 %) Time: Thu Oct 12 19:24:11 2023 
Gibbs Iteration 15000 ( 75 %) Time: Thu Oct 12 19:25:02 2023 
Gibbs Iteration 16000 ( 80 %) Time: Thu Oct 12 19:25:51 2023 
Gibbs Iteration 17000 ( 85 %) Time: Thu Oct 12 19:26:41 2023 
Gibbs Iteration 18000 ( 90 %) Time: Thu Oct 12 19:27:29 2023 
Gibbs Iteration 19000 ( 95 %) Time: Thu Oct 12 19:28:18 2023 
Gibbs Iteration 20000 ( 100 %) Time: Thu Oct 12 19:29:07 2023 
Post-Processing 20 ( 10 %) Time: Thu Oct 12 19:29:07 2023 
Post-Processing 40 ( 20 %) Time: Thu Oct 12 19:29:08 2023 
Post-Processing 60 ( 30 %) Time: Thu Oct 12 19:29:08 2023 
Post-Processing 80 ( 40 %) Time: Thu Oct 12 19:29:09 2023 
Post-Processing 100 ( 50 %) Time: Thu Oct 12 19:29:09 2023 
Post-Processing 120 ( 60 %) Time: Thu Oct 12 19:29:10 2023 
Post-Processing 140 ( 70 %) Time: Thu Oct 12 19:29:10 2023 
Post-Processing 160 ( 80 %) Time: Thu Oct 12 19:29:10 2023 
Post-Processing 180 ( 90 %) Time: Thu Oct 12 19:29:11 2023 
Post-Processing 200 ( 100 %) Time: Thu Oct 12 19:29:11 2023 
    user   system  elapsed 
1978.386    0.100 1988.322 
Bur-In End 20000 Time: Thu Oct 12 21:44:56 2023 
Gibbs Iteration 1000 ( 5 %) Time: Thu Oct 12 21:51:31 2023 
Gibbs Iteration 2000 ( 10 %) Time: Thu Oct 12 21:58:08 2023 
Gibbs Iteration 3000 ( 15 %) Time: Thu Oct 12 22:05:00 2023 
Gibbs Iteration 4000 ( 20 %) Time: Thu Oct 12 22:11:30 2023 
Gibbs Iteration 5000 ( 25 %) Time: Thu Oct 12 22:18:08 2023 
Gibbs Iteration 6000 ( 30 %) Time: Thu Oct 12 22:24:44 2023 
Gibbs Iteration 7000 ( 35 %) Time: Thu Oct 12 22:31:22 2023 
Gibbs Iteration 8000 ( 40 %) Time: Thu Oct 12 22:38:05 2023 
Gibbs Iteration 9000 ( 45 %) Time: Thu Oct 12 22:44:37 2023 
Gibbs Iteration 10000 ( 50 %) Time: Thu Oct 12 22:51:13 2023 
Gibbs Iteration 11000 ( 55 %) Time: Thu Oct 12 22:57:45 2023 
Gibbs Iteration 12000 ( 60 %) Time: Thu Oct 12 23:04:20 2023 
Gibbs Iteration 13000 ( 65 %) Time: Thu Oct 12 23:10:54 2023 
Gibbs Iteration 14000 ( 70 %) Time: Thu Oct 12 23:17:28 2023 
Gibbs Iteration 15000 ( 75 %) Time: Thu Oct 12 23:24:05 2023 
Gibbs Iteration 16000 ( 80 %) Time: Thu Oct 12 23:30:44 2023 
Gibbs Iteration 17000 ( 85 %) Time: Thu Oct 12 23:37:23 2023 
Gibbs Iteration 18000 ( 90 %) Time: Thu Oct 12 23:44:15 2023 
Gibbs Iteration 19000 ( 95 %) Time: Thu Oct 12 23:50:55 2023 
Gibbs Iteration 20000 ( 100 %) Time: Thu Oct 12 23:58:13 2023 
Post-Processing 20 ( 10 %) Time: Thu Oct 12 23:58:14 2023 
Post-Processing 40 ( 20 %) Time: Thu Oct 12 23:58:14 2023 
Post-Processing 60 ( 30 %) Time: Thu Oct 12 23:58:15 2023 
Post-Processing 80 ( 40 %) Time: Thu Oct 12 23:58:15 2023 
Post-Processing 100 ( 50 %) Time: Thu Oct 12 23:58:16 2023 
Post-Processing 120 ( 60 %) Time: Thu Oct 12 23:58:16 2023 
Post-Processing 140 ( 70 %) Time: Thu Oct 12 23:58:16 2023 
Post-Processing 160 ( 80 %) Time: Thu Oct 12 23:58:17 2023 
Post-Processing 180 ( 90 %) Time: Thu Oct 12 23:58:17 2023 
Post-Processing 200 ( 100 %) Time: Thu Oct 12 23:58:18 2023 
     user    system   elapsed 
16077.812     0.109 16146.388 
