Thu Oct 12 18:31:37 EDT 2023
c0705a-s15.ufhpc
/home/woojung.bae/EDPmediation
Bur-In End 50000 Time: Thu Oct 12 18:37:26 2023 
Gibbs Iteration 2500 ( 5 %) Time: Thu Oct 12 18:37:39 2023 
Gibbs Iteration 5000 ( 10 %) Time: Thu Oct 12 18:37:51 2023 
Gibbs Iteration 7500 ( 15 %) Time: Thu Oct 12 18:38:04 2023 
Gibbs Iteration 10000 ( 20 %) Time: Thu Oct 12 18:38:16 2023 
Gibbs Iteration 12500 ( 25 %) Time: Thu Oct 12 18:38:28 2023 
Gibbs Iteration 15000 ( 30 %) Time: Thu Oct 12 18:38:40 2023 
Gibbs Iteration 17500 ( 35 %) Time: Thu Oct 12 18:38:52 2023 
Gibbs Iteration 20000 ( 40 %) Time: Thu Oct 12 18:39:02 2023 
Gibbs Iteration 22500 ( 45 %) Time: Thu Oct 12 18:39:13 2023 
Gibbs Iteration 25000 ( 50 %) Time: Thu Oct 12 18:39:23 2023 
Gibbs Iteration 27500 ( 55 %) Time: Thu Oct 12 18:39:33 2023 
Gibbs Iteration 30000 ( 60 %) Time: Thu Oct 12 18:39:43 2023 
Gibbs Iteration 32500 ( 65 %) Time: Thu Oct 12 18:39:54 2023 
Gibbs Iteration 35000 ( 70 %) Time: Thu Oct 12 18:40:04 2023 
Gibbs Iteration 37500 ( 75 %) Time: Thu Oct 12 18:40:14 2023 
Gibbs Iteration 40000 ( 80 %) Time: Thu Oct 12 18:40:24 2023 
Gibbs Iteration 42500 ( 85 %) Time: Thu Oct 12 18:40:35 2023 
Gibbs Iteration 45000 ( 90 %) Time: Thu Oct 12 18:40:45 2023 
Gibbs Iteration 47500 ( 95 %) Time: Thu Oct 12 18:40:56 2023 
Gibbs Iteration 50000 ( 100 %) Time: Thu Oct 12 18:41:08 2023 
Post-Processing 50 ( 10 %) Time: Thu Oct 12 18:41:09 2023 
Post-Processing 100 ( 20 %) Time: Thu Oct 12 18:41:11 2023 
Post-Processing 150 ( 30 %) Time: Thu Oct 12 18:41:12 2023 
Post-Processing 200 ( 40 %) Time: Thu Oct 12 18:41:13 2023 
Post-Processing 250 ( 50 %) Time: Thu Oct 12 18:41:14 2023 
Post-Processing 300 ( 60 %) Time: Thu Oct 12 18:41:15 2023 
Post-Processing 350 ( 70 %) Time: Thu Oct 12 18:41:16 2023 
Post-Processing 400 ( 80 %) Time: Thu Oct 12 18:41:17 2023 
Post-Processing 450 ( 90 %) Time: Thu Oct 12 18:41:18 2023 
Post-Processing 500 ( 100 %) Time: Thu Oct 12 18:41:19 2023 
   user  system elapsed 
537.318   0.097 541.091 
Bur-In End 50000 Time: Thu Oct 12 18:52:31 2023 
Gibbs Iteration 1000 ( 5 %) Time: Thu Oct 12 18:52:45 2023 
Gibbs Iteration 2000 ( 10 %) Time: Thu Oct 12 18:52:59 2023 
Gibbs Iteration 3000 ( 15 %) Time: Thu Oct 12 18:53:12 2023 
Gibbs Iteration 4000 ( 20 %) Time: Thu Oct 12 18:53:26 2023 
Gibbs Iteration 5000 ( 25 %) Time: Thu Oct 12 18:53:39 2023 
Gibbs Iteration 6000 ( 30 %) Time: Thu Oct 12 18:53:53 2023 
Gibbs Iteration 7000 ( 35 %) Time: Thu Oct 12 18:54:06 2023 
Gibbs Iteration 8000 ( 40 %) Time: Thu Oct 12 18:54:20 2023 
Gibbs Iteration 9000 ( 45 %) Time: Thu Oct 12 18:54:34 2023 
Gibbs Iteration 10000 ( 50 %) Time: Thu Oct 12 18:54:47 2023 
Gibbs Iteration 11000 ( 55 %) Time: Thu Oct 12 18:55:01 2023 
Gibbs Iteration 12000 ( 60 %) Time: Thu Oct 12 18:55:14 2023 
Gibbs Iteration 13000 ( 65 %) Time: Thu Oct 12 18:55:28 2023 
Gibbs Iteration 14000 ( 70 %) Time: Thu Oct 12 18:55:42 2023 
Gibbs Iteration 15000 ( 75 %) Time: Thu Oct 12 18:55:55 2023 
Gibbs Iteration 16000 ( 80 %) Time: Thu Oct 12 18:56:09 2023 
Gibbs Iteration 17000 ( 85 %) Time: Thu Oct 12 18:56:23 2023 
Gibbs Iteration 18000 ( 90 %) Time: Thu Oct 12 18:56:36 2023 
Gibbs Iteration 19000 ( 95 %) Time: Thu Oct 12 18:56:50 2023 
Gibbs Iteration 20000 ( 100 %) Time: Thu Oct 12 18:57:04 2023 
Post-Processing 20 ( 10 %) Time: Thu Oct 12 18:57:04 2023 
Post-Processing 40 ( 20 %) Time: Thu Oct 12 18:57:05 2023 
Post-Processing 60 ( 30 %) Time: Thu Oct 12 18:57:05 2023 
Post-Processing 80 ( 40 %) Time: Thu Oct 12 18:57:06 2023 
Post-Processing 100 ( 50 %) Time: Thu Oct 12 18:57:06 2023 
Post-Processing 120 ( 60 %) Time: Thu Oct 12 18:57:07 2023 
Post-Processing 140 ( 70 %) Time: Thu Oct 12 18:57:07 2023 
Post-Processing 160 ( 80 %) Time: Thu Oct 12 18:57:07 2023 
Post-Processing 180 ( 90 %) Time: Thu Oct 12 18:57:08 2023 
Post-Processing 200 ( 100 %) Time: Thu Oct 12 18:57:08 2023 
   user  system elapsed 
943.333   0.085 949.060 
Bur-In End 20000 Time: Thu Oct 12 19:08:05 2023 
Gibbs Iteration 1000 ( 5 %) Time: Thu Oct 12 19:08:40 2023 
Gibbs Iteration 2000 ( 10 %) Time: Thu Oct 12 19:09:16 2023 
Gibbs Iteration 3000 ( 15 %) Time: Thu Oct 12 19:09:48 2023 
Gibbs Iteration 4000 ( 20 %) Time: Thu Oct 12 19:10:19 2023 
Gibbs Iteration 5000 ( 25 %) Time: Thu Oct 12 19:10:55 2023 
Gibbs Iteration 6000 ( 30 %) Time: Thu Oct 12 19:11:27 2023 
Gibbs Iteration 7000 ( 35 %) Time: Thu Oct 12 19:11:58 2023 
Gibbs Iteration 8000 ( 40 %) Time: Thu Oct 12 19:12:29 2023 
Gibbs Iteration 9000 ( 45 %) Time: Thu Oct 12 19:13:01 2023 
Gibbs Iteration 10000 ( 50 %) Time: Thu Oct 12 19:13:33 2023 
Gibbs Iteration 11000 ( 55 %) Time: Thu Oct 12 19:14:05 2023 
Gibbs Iteration 12000 ( 60 %) Time: Thu Oct 12 19:14:38 2023 
Gibbs Iteration 13000 ( 65 %) Time: Thu Oct 12 19:15:10 2023 
Gibbs Iteration 14000 ( 70 %) Time: Thu Oct 12 19:15:42 2023 
Gibbs Iteration 15000 ( 75 %) Time: Thu Oct 12 19:16:15 2023 
Gibbs Iteration 16000 ( 80 %) Time: Thu Oct 12 19:16:47 2023 
Gibbs Iteration 17000 ( 85 %) Time: Thu Oct 12 19:17:19 2023 
Gibbs Iteration 18000 ( 90 %) Time: Thu Oct 12 19:17:52 2023 
Gibbs Iteration 19000 ( 95 %) Time: Thu Oct 12 19:18:23 2023 
Gibbs Iteration 20000 ( 100 %) Time: Thu Oct 12 19:18:55 2023 
Post-Processing 20 ( 10 %) Time: Thu Oct 12 19:18:55 2023 
Post-Processing 40 ( 20 %) Time: Thu Oct 12 19:18:55 2023 
Post-Processing 60 ( 30 %) Time: Thu Oct 12 19:18:56 2023 
Post-Processing 80 ( 40 %) Time: Thu Oct 12 19:18:56 2023 
Post-Processing 100 ( 50 %) Time: Thu Oct 12 19:18:57 2023 
Post-Processing 120 ( 60 %) Time: Thu Oct 12 19:18:57 2023 
Post-Processing 140 ( 70 %) Time: Thu Oct 12 19:18:57 2023 
Post-Processing 160 ( 80 %) Time: Thu Oct 12 19:18:58 2023 
Post-Processing 180 ( 90 %) Time: Thu Oct 12 19:18:58 2023 
Post-Processing 200 ( 100 %) Time: Thu Oct 12 19:18:59 2023 
    user   system  elapsed 
1304.042    0.205 1310.278 
Bur-In End 20000 Time: Thu Oct 12 21:02:41 2023 
Gibbs Iteration 1000 ( 5 %) Time: Thu Oct 12 21:07:53 2023 
Gibbs Iteration 2000 ( 10 %) Time: Thu Oct 12 21:12:57 2023 
Gibbs Iteration 3000 ( 15 %) Time: Thu Oct 12 21:18:11 2023 
Gibbs Iteration 4000 ( 20 %) Time: Thu Oct 12 21:23:18 2023 
Gibbs Iteration 5000 ( 25 %) Time: Thu Oct 12 21:28:31 2023 
Gibbs Iteration 6000 ( 30 %) Time: Thu Oct 12 21:33:42 2023 
Gibbs Iteration 7000 ( 35 %) Time: Thu Oct 12 21:38:48 2023 
Gibbs Iteration 8000 ( 40 %) Time: Thu Oct 12 21:44:03 2023 
Gibbs Iteration 9000 ( 45 %) Time: Thu Oct 12 21:49:04 2023 
Gibbs Iteration 10000 ( 50 %) Time: Thu Oct 12 21:54:09 2023 
Gibbs Iteration 11000 ( 55 %) Time: Thu Oct 12 21:59:10 2023 
Gibbs Iteration 12000 ( 60 %) Time: Thu Oct 12 22:04:14 2023 
Gibbs Iteration 13000 ( 65 %) Time: Thu Oct 12 22:09:15 2023 
Gibbs Iteration 14000 ( 70 %) Time: Thu Oct 12 22:14:17 2023 
Gibbs Iteration 15000 ( 75 %) Time: Thu Oct 12 22:19:35 2023 
Gibbs Iteration 16000 ( 80 %) Time: Thu Oct 12 22:25:26 2023 
Gibbs Iteration 17000 ( 85 %) Time: Thu Oct 12 22:31:17 2023 
Gibbs Iteration 18000 ( 90 %) Time: Thu Oct 12 22:37:08 2023 
Gibbs Iteration 19000 ( 95 %) Time: Thu Oct 12 22:42:59 2023 
Gibbs Iteration 20000 ( 100 %) Time: Thu Oct 12 22:48:50 2023 
Post-Processing 20 ( 10 %) Time: Thu Oct 12 22:48:50 2023 
Post-Processing 40 ( 20 %) Time: Thu Oct 12 22:48:50 2023 
Post-Processing 60 ( 30 %) Time: Thu Oct 12 22:48:51 2023 
Post-Processing 80 ( 40 %) Time: Thu Oct 12 22:48:51 2023 
Post-Processing 100 ( 50 %) Time: Thu Oct 12 22:48:52 2023 
Post-Processing 120 ( 60 %) Time: Thu Oct 12 22:48:52 2023 
Post-Processing 140 ( 70 %) Time: Thu Oct 12 22:48:53 2023 
Post-Processing 160 ( 80 %) Time: Thu Oct 12 22:48:53 2023 
Post-Processing 180 ( 90 %) Time: Thu Oct 12 22:48:53 2023 
Post-Processing 200 ( 100 %) Time: Thu Oct 12 22:48:54 2023 
    user   system  elapsed 
12537.80     0.14 12595.11 
