Thu Oct 12 18:31:37 EDT 2023
c0705a-s3.ufhpc
/home/woojung.bae/EDPmediation
Bur-In End 50000 Time: Thu Oct 12 18:36:20 2023 
Gibbs Iteration 2500 ( 5 %) Time: Thu Oct 12 18:36:33 2023 
Gibbs Iteration 5000 ( 10 %) Time: Thu Oct 12 18:36:47 2023 
Gibbs Iteration 7500 ( 15 %) Time: Thu Oct 12 18:37:00 2023 
Gibbs Iteration 10000 ( 20 %) Time: Thu Oct 12 18:37:13 2023 
Gibbs Iteration 12500 ( 25 %) Time: Thu Oct 12 18:37:27 2023 
Gibbs Iteration 15000 ( 30 %) Time: Thu Oct 12 18:37:41 2023 
Gibbs Iteration 17500 ( 35 %) Time: Thu Oct 12 18:37:55 2023 
Gibbs Iteration 20000 ( 40 %) Time: Thu Oct 12 18:38:08 2023 
Gibbs Iteration 22500 ( 45 %) Time: Thu Oct 12 18:38:22 2023 
Gibbs Iteration 25000 ( 50 %) Time: Thu Oct 12 18:38:35 2023 
Gibbs Iteration 27500 ( 55 %) Time: Thu Oct 12 18:38:48 2023 
Gibbs Iteration 30000 ( 60 %) Time: Thu Oct 12 18:39:00 2023 
Gibbs Iteration 32500 ( 65 %) Time: Thu Oct 12 18:39:12 2023 
Gibbs Iteration 35000 ( 70 %) Time: Thu Oct 12 18:39:23 2023 
Gibbs Iteration 37500 ( 75 %) Time: Thu Oct 12 18:39:35 2023 
Gibbs Iteration 40000 ( 80 %) Time: Thu Oct 12 18:39:46 2023 
Gibbs Iteration 42500 ( 85 %) Time: Thu Oct 12 18:40:00 2023 
Gibbs Iteration 45000 ( 90 %) Time: Thu Oct 12 18:40:13 2023 
Gibbs Iteration 47500 ( 95 %) Time: Thu Oct 12 18:40:26 2023 
Gibbs Iteration 50000 ( 100 %) Time: Thu Oct 12 18:40:39 2023 
Post-Processing 50 ( 10 %) Time: Thu Oct 12 18:40:40 2023 
Post-Processing 100 ( 20 %) Time: Thu Oct 12 18:40:41 2023 
Post-Processing 150 ( 30 %) Time: Thu Oct 12 18:40:42 2023 
Post-Processing 200 ( 40 %) Time: Thu Oct 12 18:40:43 2023 
Post-Processing 250 ( 50 %) Time: Thu Oct 12 18:40:44 2023 
Post-Processing 300 ( 60 %) Time: Thu Oct 12 18:40:45 2023 
Post-Processing 350 ( 70 %) Time: Thu Oct 12 18:40:46 2023 
Post-Processing 400 ( 80 %) Time: Thu Oct 12 18:40:47 2023 
Post-Processing 450 ( 90 %) Time: Thu Oct 12 18:40:48 2023 
Post-Processing 500 ( 100 %) Time: Thu Oct 12 18:40:49 2023 
   user  system elapsed 
504.448   0.057 507.777 
Bur-In End 50000 Time: Thu Oct 12 18:54:39 2023 
Gibbs Iteration 1000 ( 5 %) Time: Thu Oct 12 18:54:55 2023 
Gibbs Iteration 2000 ( 10 %) Time: Thu Oct 12 18:55:12 2023 
Gibbs Iteration 3000 ( 15 %) Time: Thu Oct 12 18:55:28 2023 
Gibbs Iteration 4000 ( 20 %) Time: Thu Oct 12 18:55:45 2023 
Gibbs Iteration 5000 ( 25 %) Time: Thu Oct 12 18:56:02 2023 
Gibbs Iteration 6000 ( 30 %) Time: Thu Oct 12 18:56:20 2023 
Gibbs Iteration 7000 ( 35 %) Time: Thu Oct 12 18:56:36 2023 
Gibbs Iteration 8000 ( 40 %) Time: Thu Oct 12 18:56:53 2023 
Gibbs Iteration 9000 ( 45 %) Time: Thu Oct 12 18:57:09 2023 
Gibbs Iteration 10000 ( 50 %) Time: Thu Oct 12 18:57:25 2023 
Gibbs Iteration 11000 ( 55 %) Time: Thu Oct 12 18:57:41 2023 
Gibbs Iteration 12000 ( 60 %) Time: Thu Oct 12 18:57:58 2023 
Gibbs Iteration 13000 ( 65 %) Time: Thu Oct 12 18:58:14 2023 
Gibbs Iteration 14000 ( 70 %) Time: Thu Oct 12 18:58:30 2023 
Gibbs Iteration 15000 ( 75 %) Time: Thu Oct 12 18:58:48 2023 
Gibbs Iteration 16000 ( 80 %) Time: Thu Oct 12 18:59:04 2023 
Gibbs Iteration 17000 ( 85 %) Time: Thu Oct 12 18:59:21 2023 
Gibbs Iteration 18000 ( 90 %) Time: Thu Oct 12 18:59:37 2023 
Gibbs Iteration 19000 ( 95 %) Time: Thu Oct 12 18:59:53 2023 
Gibbs Iteration 20000 ( 100 %) Time: Thu Oct 12 19:00:09 2023 
Post-Processing 20 ( 10 %) Time: Thu Oct 12 19:00:10 2023 
Post-Processing 40 ( 20 %) Time: Thu Oct 12 19:00:10 2023 
Post-Processing 60 ( 30 %) Time: Thu Oct 12 19:00:11 2023 
Post-Processing 80 ( 40 %) Time: Thu Oct 12 19:00:11 2023 
Post-Processing 100 ( 50 %) Time: Thu Oct 12 19:00:11 2023 
Post-Processing 120 ( 60 %) Time: Thu Oct 12 19:00:12 2023 
Post-Processing 140 ( 70 %) Time: Thu Oct 12 19:00:12 2023 
Post-Processing 160 ( 80 %) Time: Thu Oct 12 19:00:13 2023 
Post-Processing 180 ( 90 %) Time: Thu Oct 12 19:00:13 2023 
Post-Processing 200 ( 100 %) Time: Thu Oct 12 19:00:13 2023 
    user   system  elapsed 
1157.838    0.027 1164.285 
Bur-In End 20000 Time: Thu Oct 12 19:24:07 2023 
Gibbs Iteration 1000 ( 5 %) Time: Thu Oct 12 19:25:16 2023 
Gibbs Iteration 2000 ( 10 %) Time: Thu Oct 12 19:26:27 2023 
Gibbs Iteration 3000 ( 15 %) Time: Thu Oct 12 19:27:35 2023 
Gibbs Iteration 4000 ( 20 %) Time: Thu Oct 12 19:28:43 2023 
Gibbs Iteration 5000 ( 25 %) Time: Thu Oct 12 19:29:53 2023 
Gibbs Iteration 6000 ( 30 %) Time: Thu Oct 12 19:31:10 2023 
Gibbs Iteration 7000 ( 35 %) Time: Thu Oct 12 19:32:22 2023 
Gibbs Iteration 8000 ( 40 %) Time: Thu Oct 12 19:33:28 2023 
Gibbs Iteration 9000 ( 45 %) Time: Thu Oct 12 19:34:38 2023 
Gibbs Iteration 10000 ( 50 %) Time: Thu Oct 12 19:35:44 2023 
Gibbs Iteration 11000 ( 55 %) Time: Thu Oct 12 19:36:54 2023 
Gibbs Iteration 12000 ( 60 %) Time: Thu Oct 12 19:38:04 2023 
Gibbs Iteration 13000 ( 65 %) Time: Thu Oct 12 19:39:18 2023 
Gibbs Iteration 14000 ( 70 %) Time: Thu Oct 12 19:40:33 2023 
Gibbs Iteration 15000 ( 75 %) Time: Thu Oct 12 19:41:43 2023 
Gibbs Iteration 16000 ( 80 %) Time: Thu Oct 12 19:42:50 2023 
Gibbs Iteration 17000 ( 85 %) Time: Thu Oct 12 19:44:05 2023 
Gibbs Iteration 18000 ( 90 %) Time: Thu Oct 12 19:45:16 2023 
Gibbs Iteration 19000 ( 95 %) Time: Thu Oct 12 19:46:24 2023 
Gibbs Iteration 20000 ( 100 %) Time: Thu Oct 12 19:47:33 2023 
Post-Processing 20 ( 10 %) Time: Thu Oct 12 19:47:34 2023 
Post-Processing 40 ( 20 %) Time: Thu Oct 12 19:47:34 2023 
Post-Processing 60 ( 30 %) Time: Thu Oct 12 19:47:35 2023 
Post-Processing 80 ( 40 %) Time: Thu Oct 12 19:47:35 2023 
Post-Processing 100 ( 50 %) Time: Thu Oct 12 19:47:35 2023 
Post-Processing 120 ( 60 %) Time: Thu Oct 12 19:47:36 2023 
Post-Processing 140 ( 70 %) Time: Thu Oct 12 19:47:36 2023 
Post-Processing 160 ( 80 %) Time: Thu Oct 12 19:47:37 2023 
Post-Processing 180 ( 90 %) Time: Thu Oct 12 19:47:37 2023 
Post-Processing 200 ( 100 %) Time: Thu Oct 12 19:47:38 2023 
    user   system  elapsed 
2829.535    0.076 2844.165 
Bur-In End 20000 Time: Thu Oct 12 23:11:22 2023 
Gibbs Iteration 1000 ( 5 %) Time: Thu Oct 12 23:21:00 2023 
Gibbs Iteration 2000 ( 10 %) Time: Thu Oct 12 23:30:59 2023 
Gibbs Iteration 3000 ( 15 %) Time: Thu Oct 12 23:41:54 2023 
Gibbs Iteration 4000 ( 20 %) Time: Thu Oct 12 23:52:59 2023 
Gibbs Iteration 5000 ( 25 %) Time: Fri Oct 13 00:03:45 2023 
Gibbs Iteration 6000 ( 30 %) Time: Fri Oct 13 00:14:03 2023 
Gibbs Iteration 7000 ( 35 %) Time: Fri Oct 13 00:25:11 2023 
Gibbs Iteration 8000 ( 40 %) Time: Fri Oct 13 00:36:05 2023 
Gibbs Iteration 9000 ( 45 %) Time: Fri Oct 13 00:47:06 2023 
Gibbs Iteration 10000 ( 50 %) Time: Fri Oct 13 00:58:06 2023 
Gibbs Iteration 11000 ( 55 %) Time: Fri Oct 13 01:09:01 2023 
Gibbs Iteration 12000 ( 60 %) Time: Fri Oct 13 01:20:02 2023 
Gibbs Iteration 13000 ( 65 %) Time: Fri Oct 13 01:31:05 2023 
Gibbs Iteration 14000 ( 70 %) Time: Fri Oct 13 01:40:59 2023 
Gibbs Iteration 15000 ( 75 %) Time: Fri Oct 13 01:51:22 2023 
Gibbs Iteration 16000 ( 80 %) Time: Fri Oct 13 02:00:34 2023 
Gibbs Iteration 17000 ( 85 %) Time: Fri Oct 13 02:10:02 2023 
Gibbs Iteration 18000 ( 90 %) Time: Fri Oct 13 02:20:09 2023 
Gibbs Iteration 19000 ( 95 %) Time: Fri Oct 13 02:31:01 2023 
Gibbs Iteration 20000 ( 100 %) Time: Fri Oct 13 02:42:12 2023 
Post-Processing 20 ( 10 %) Time: Fri Oct 13 02:42:13 2023 
Post-Processing 40 ( 20 %) Time: Fri Oct 13 02:42:13 2023 
Post-Processing 60 ( 30 %) Time: Fri Oct 13 02:42:14 2023 
Post-Processing 80 ( 40 %) Time: Fri Oct 13 02:42:14 2023 
Post-Processing 100 ( 50 %) Time: Fri Oct 13 02:42:15 2023 
Post-Processing 120 ( 60 %) Time: Fri Oct 13 02:42:15 2023 
Post-Processing 140 ( 70 %) Time: Fri Oct 13 02:42:16 2023 
Post-Processing 160 ( 80 %) Time: Fri Oct 13 02:42:16 2023 
Post-Processing 180 ( 90 %) Time: Fri Oct 13 02:42:17 2023 
Post-Processing 200 ( 100 %) Time: Fri Oct 13 02:42:17 2023 
     user    system   elapsed 
24757.687     0.103 24879.529 
