Thu Oct 12 18:31:37 EDT 2023
c0705a-s14.ufhpc
/home/woojung.bae/EDPmediation
Bur-In End 50000 Time: Thu Oct 12 18:36:15 2023 
Gibbs Iteration 2500 ( 5 %) Time: Thu Oct 12 18:36:26 2023 
Gibbs Iteration 5000 ( 10 %) Time: Thu Oct 12 18:36:37 2023 
Gibbs Iteration 7500 ( 15 %) Time: Thu Oct 12 18:36:48 2023 
Gibbs Iteration 10000 ( 20 %) Time: Thu Oct 12 18:36:59 2023 
Gibbs Iteration 12500 ( 25 %) Time: Thu Oct 12 18:37:10 2023 
Gibbs Iteration 15000 ( 30 %) Time: Thu Oct 12 18:37:22 2023 
Gibbs Iteration 17500 ( 35 %) Time: Thu Oct 12 18:37:33 2023 
Gibbs Iteration 20000 ( 40 %) Time: Thu Oct 12 18:37:44 2023 
Gibbs Iteration 22500 ( 45 %) Time: Thu Oct 12 18:37:55 2023 
Gibbs Iteration 25000 ( 50 %) Time: Thu Oct 12 18:38:06 2023 
Gibbs Iteration 27500 ( 55 %) Time: Thu Oct 12 18:38:18 2023 
Gibbs Iteration 30000 ( 60 %) Time: Thu Oct 12 18:38:29 2023 
Gibbs Iteration 32500 ( 65 %) Time: Thu Oct 12 18:38:40 2023 
Gibbs Iteration 35000 ( 70 %) Time: Thu Oct 12 18:38:50 2023 
Gibbs Iteration 37500 ( 75 %) Time: Thu Oct 12 18:39:02 2023 
Gibbs Iteration 40000 ( 80 %) Time: Thu Oct 12 18:39:13 2023 
Gibbs Iteration 42500 ( 85 %) Time: Thu Oct 12 18:39:24 2023 
Gibbs Iteration 45000 ( 90 %) Time: Thu Oct 12 18:39:35 2023 
Gibbs Iteration 47500 ( 95 %) Time: Thu Oct 12 18:39:46 2023 
Gibbs Iteration 50000 ( 100 %) Time: Thu Oct 12 18:39:57 2023 
Post-Processing 50 ( 10 %) Time: Thu Oct 12 18:39:58 2023 
Post-Processing 100 ( 20 %) Time: Thu Oct 12 18:39:59 2023 
Post-Processing 150 ( 30 %) Time: Thu Oct 12 18:40:00 2023 
Post-Processing 200 ( 40 %) Time: Thu Oct 12 18:40:01 2023 
Post-Processing 250 ( 50 %) Time: Thu Oct 12 18:40:02 2023 
Post-Processing 300 ( 60 %) Time: Thu Oct 12 18:40:02 2023 
Post-Processing 350 ( 70 %) Time: Thu Oct 12 18:40:03 2023 
Post-Processing 400 ( 80 %) Time: Thu Oct 12 18:40:04 2023 
Post-Processing 450 ( 90 %) Time: Thu Oct 12 18:40:05 2023 
Post-Processing 500 ( 100 %) Time: Thu Oct 12 18:40:06 2023 
   user  system elapsed 
466.140   0.082 469.306 
Bur-In End 50000 Time: Thu Oct 12 18:57:27 2023 
Gibbs Iteration 1000 ( 5 %) Time: Thu Oct 12 18:57:48 2023 
Gibbs Iteration 2000 ( 10 %) Time: Thu Oct 12 18:58:10 2023 
Gibbs Iteration 3000 ( 15 %) Time: Thu Oct 12 18:58:32 2023 
Gibbs Iteration 4000 ( 20 %) Time: Thu Oct 12 18:58:52 2023 
Gibbs Iteration 5000 ( 25 %) Time: Thu Oct 12 18:59:13 2023 
Gibbs Iteration 6000 ( 30 %) Time: Thu Oct 12 18:59:35 2023 
Gibbs Iteration 7000 ( 35 %) Time: Thu Oct 12 18:59:55 2023 
Gibbs Iteration 8000 ( 40 %) Time: Thu Oct 12 19:00:16 2023 
Gibbs Iteration 9000 ( 45 %) Time: Thu Oct 12 19:00:37 2023 
Gibbs Iteration 10000 ( 50 %) Time: Thu Oct 12 19:00:56 2023 
Gibbs Iteration 11000 ( 55 %) Time: Thu Oct 12 19:01:17 2023 
Gibbs Iteration 12000 ( 60 %) Time: Thu Oct 12 19:01:36 2023 
Gibbs Iteration 13000 ( 65 %) Time: Thu Oct 12 19:01:58 2023 
Gibbs Iteration 14000 ( 70 %) Time: Thu Oct 12 19:02:20 2023 
Gibbs Iteration 15000 ( 75 %) Time: Thu Oct 12 19:02:41 2023 
Gibbs Iteration 16000 ( 80 %) Time: Thu Oct 12 19:03:03 2023 
Gibbs Iteration 17000 ( 85 %) Time: Thu Oct 12 19:03:24 2023 
Gibbs Iteration 18000 ( 90 %) Time: Thu Oct 12 19:03:45 2023 
Gibbs Iteration 19000 ( 95 %) Time: Thu Oct 12 19:04:06 2023 
Gibbs Iteration 20000 ( 100 %) Time: Thu Oct 12 19:04:26 2023 
Post-Processing 20 ( 10 %) Time: Thu Oct 12 19:04:27 2023 
Post-Processing 40 ( 20 %) Time: Thu Oct 12 19:04:27 2023 
Post-Processing 60 ( 30 %) Time: Thu Oct 12 19:04:27 2023 
Post-Processing 80 ( 40 %) Time: Thu Oct 12 19:04:28 2023 
Post-Processing 100 ( 50 %) Time: Thu Oct 12 19:04:28 2023 
Post-Processing 120 ( 60 %) Time: Thu Oct 12 19:04:29 2023 
Post-Processing 140 ( 70 %) Time: Thu Oct 12 19:04:29 2023 
Post-Processing 160 ( 80 %) Time: Thu Oct 12 19:04:29 2023 
Post-Processing 180 ( 90 %) Time: Thu Oct 12 19:04:30 2023 
Post-Processing 200 ( 100 %) Time: Thu Oct 12 19:04:30 2023 
    user   system  elapsed 
1456.310    0.017 1464.151 
Bur-In End 20000 Time: Thu Oct 12 19:35:46 2023 
Gibbs Iteration 1000 ( 5 %) Time: Thu Oct 12 19:37:22 2023 
Gibbs Iteration 2000 ( 10 %) Time: Thu Oct 12 19:38:50 2023 
Gibbs Iteration 3000 ( 15 %) Time: Thu Oct 12 19:40:17 2023 
Gibbs Iteration 4000 ( 20 %) Time: Thu Oct 12 19:41:51 2023 
Gibbs Iteration 5000 ( 25 %) Time: Thu Oct 12 19:43:21 2023 
Gibbs Iteration 6000 ( 30 %) Time: Thu Oct 12 19:44:54 2023 
Gibbs Iteration 7000 ( 35 %) Time: Thu Oct 12 19:46:29 2023 
Gibbs Iteration 8000 ( 40 %) Time: Thu Oct 12 19:48:05 2023 
Gibbs Iteration 9000 ( 45 %) Time: Thu Oct 12 19:49:41 2023 
Gibbs Iteration 10000 ( 50 %) Time: Thu Oct 12 19:51:16 2023 
Gibbs Iteration 11000 ( 55 %) Time: Thu Oct 12 19:52:51 2023 
Gibbs Iteration 12000 ( 60 %) Time: Thu Oct 12 19:54:25 2023 
Gibbs Iteration 13000 ( 65 %) Time: Thu Oct 12 19:56:01 2023 
Gibbs Iteration 14000 ( 70 %) Time: Thu Oct 12 19:57:37 2023 
Gibbs Iteration 15000 ( 75 %) Time: Thu Oct 12 19:59:05 2023 
Gibbs Iteration 16000 ( 80 %) Time: Thu Oct 12 20:00:33 2023 
Gibbs Iteration 17000 ( 85 %) Time: Thu Oct 12 20:02:07 2023 
Gibbs Iteration 18000 ( 90 %) Time: Thu Oct 12 20:03:41 2023 
Gibbs Iteration 19000 ( 95 %) Time: Thu Oct 12 20:05:09 2023 
Gibbs Iteration 20000 ( 100 %) Time: Thu Oct 12 20:06:48 2023 
Post-Processing 20 ( 10 %) Time: Thu Oct 12 20:06:48 2023 
Post-Processing 40 ( 20 %) Time: Thu Oct 12 20:06:48 2023 
Post-Processing 60 ( 30 %) Time: Thu Oct 12 20:06:49 2023 
Post-Processing 80 ( 40 %) Time: Thu Oct 12 20:06:49 2023 
Post-Processing 100 ( 50 %) Time: Thu Oct 12 20:06:50 2023 
Post-Processing 120 ( 60 %) Time: Thu Oct 12 20:06:50 2023 
Post-Processing 140 ( 70 %) Time: Thu Oct 12 20:06:51 2023 
Post-Processing 160 ( 80 %) Time: Thu Oct 12 20:06:51 2023 
Post-Processing 180 ( 90 %) Time: Thu Oct 12 20:06:51 2023 
Post-Processing 200 ( 100 %) Time: Thu Oct 12 20:06:52 2023 
    user   system  elapsed 
3724.119    0.032 3741.621 
Bur-In End 20000 Time: Fri Oct 13 00:03:26 2023 
Gibbs Iteration 1000 ( 5 %) Time: Fri Oct 13 00:15:32 2023 
Gibbs Iteration 2000 ( 10 %) Time: Fri Oct 13 00:27:44 2023 
Gibbs Iteration 3000 ( 15 %) Time: Fri Oct 13 00:39:58 2023 
Gibbs Iteration 4000 ( 20 %) Time: Fri Oct 13 00:53:02 2023 
Gibbs Iteration 5000 ( 25 %) Time: Fri Oct 13 01:05:07 2023 
Gibbs Iteration 6000 ( 30 %) Time: Fri Oct 13 01:17:36 2023 
Gibbs Iteration 7000 ( 35 %) Time: Fri Oct 13 01:29:47 2023 
Gibbs Iteration 8000 ( 40 %) Time: Fri Oct 13 01:42:00 2023 
Gibbs Iteration 9000 ( 45 %) Time: Fri Oct 13 01:54:00 2023 
Gibbs Iteration 10000 ( 50 %) Time: Fri Oct 13 02:05:53 2023 
Gibbs Iteration 11000 ( 55 %) Time: Fri Oct 13 02:17:17 2023 
Gibbs Iteration 12000 ( 60 %) Time: Fri Oct 13 02:29:03 2023 
Gibbs Iteration 13000 ( 65 %) Time: Fri Oct 13 02:41:18 2023 
Gibbs Iteration 14000 ( 70 %) Time: Fri Oct 13 02:53:03 2023 
Gibbs Iteration 15000 ( 75 %) Time: Fri Oct 13 03:04:58 2023 
Gibbs Iteration 16000 ( 80 %) Time: Fri Oct 13 03:16:49 2023 
Gibbs Iteration 17000 ( 85 %) Time: Fri Oct 13 03:28:49 2023 
Gibbs Iteration 18000 ( 90 %) Time: Fri Oct 13 03:40:40 2023 
Gibbs Iteration 19000 ( 95 %) Time: Fri Oct 13 03:52:54 2023 
Gibbs Iteration 20000 ( 100 %) Time: Fri Oct 13 04:05:07 2023 
Post-Processing 20 ( 10 %) Time: Fri Oct 13 04:05:08 2023 
Post-Processing 40 ( 20 %) Time: Fri Oct 13 04:05:08 2023 
Post-Processing 60 ( 30 %) Time: Fri Oct 13 04:05:09 2023 
Post-Processing 80 ( 40 %) Time: Fri Oct 13 04:05:09 2023 
Post-Processing 100 ( 50 %) Time: Fri Oct 13 04:05:09 2023 
Post-Processing 120 ( 60 %) Time: Fri Oct 13 04:05:10 2023 
Post-Processing 140 ( 70 %) Time: Fri Oct 13 04:05:10 2023 
Post-Processing 160 ( 80 %) Time: Fri Oct 13 04:05:11 2023 
Post-Processing 180 ( 90 %) Time: Fri Oct 13 04:05:11 2023 
Post-Processing 200 ( 100 %) Time: Fri Oct 13 04:05:12 2023 
     user    system   elapsed 
28581.077     0.057 28699.707 
