Thu Oct 12 18:31:37 EDT 2023
c0705a-s15.ufhpc
/home/woojung.bae/EDPmediation
Bur-In End 50000 Time: Thu Oct 12 18:39:01 2023 
Gibbs Iteration 2500 ( 5 %) Time: Thu Oct 12 18:39:20 2023 
Gibbs Iteration 5000 ( 10 %) Time: Thu Oct 12 18:39:39 2023 
Gibbs Iteration 7500 ( 15 %) Time: Thu Oct 12 18:39:55 2023 
Gibbs Iteration 10000 ( 20 %) Time: Thu Oct 12 18:40:11 2023 
Gibbs Iteration 12500 ( 25 %) Time: Thu Oct 12 18:40:26 2023 
Gibbs Iteration 15000 ( 30 %) Time: Thu Oct 12 18:40:41 2023 
Gibbs Iteration 17500 ( 35 %) Time: Thu Oct 12 18:40:58 2023 
Gibbs Iteration 20000 ( 40 %) Time: Thu Oct 12 18:41:17 2023 
Gibbs Iteration 22500 ( 45 %) Time: Thu Oct 12 18:41:37 2023 
Gibbs Iteration 25000 ( 50 %) Time: Thu Oct 12 18:41:58 2023 
Gibbs Iteration 27500 ( 55 %) Time: Thu Oct 12 18:42:18 2023 
Gibbs Iteration 30000 ( 60 %) Time: Thu Oct 12 18:42:37 2023 
Gibbs Iteration 32500 ( 65 %) Time: Thu Oct 12 18:42:57 2023 
Gibbs Iteration 35000 ( 70 %) Time: Thu Oct 12 18:43:17 2023 
Gibbs Iteration 37500 ( 75 %) Time: Thu Oct 12 18:43:36 2023 
Gibbs Iteration 40000 ( 80 %) Time: Thu Oct 12 18:43:56 2023 
Gibbs Iteration 42500 ( 85 %) Time: Thu Oct 12 18:44:16 2023 
Gibbs Iteration 45000 ( 90 %) Time: Thu Oct 12 18:44:36 2023 
Gibbs Iteration 47500 ( 95 %) Time: Thu Oct 12 18:44:55 2023 
Gibbs Iteration 50000 ( 100 %) Time: Thu Oct 12 18:45:15 2023 
Post-Processing 50 ( 10 %) Time: Thu Oct 12 18:45:16 2023 
Post-Processing 100 ( 20 %) Time: Thu Oct 12 18:45:17 2023 
Post-Processing 150 ( 30 %) Time: Thu Oct 12 18:45:19 2023 
Post-Processing 200 ( 40 %) Time: Thu Oct 12 18:45:20 2023 
Post-Processing 250 ( 50 %) Time: Thu Oct 12 18:45:21 2023 
Post-Processing 300 ( 60 %) Time: Thu Oct 12 18:45:22 2023 
Post-Processing 350 ( 70 %) Time: Thu Oct 12 18:45:23 2023 
Post-Processing 400 ( 80 %) Time: Thu Oct 12 18:45:25 2023 
Post-Processing 450 ( 90 %) Time: Thu Oct 12 18:45:26 2023 
Post-Processing 500 ( 100 %) Time: Thu Oct 12 18:45:27 2023 
   user  system elapsed 
781.265   0.051 786.152 
Bur-In End 50000 Time: Thu Oct 12 18:56:04 2023 
Gibbs Iteration 1000 ( 5 %) Time: Thu Oct 12 18:56:18 2023 
Gibbs Iteration 2000 ( 10 %) Time: Thu Oct 12 18:56:32 2023 
Gibbs Iteration 3000 ( 15 %) Time: Thu Oct 12 18:56:47 2023 
Gibbs Iteration 4000 ( 20 %) Time: Thu Oct 12 18:57:01 2023 
Gibbs Iteration 5000 ( 25 %) Time: Thu Oct 12 18:57:15 2023 
Gibbs Iteration 6000 ( 30 %) Time: Thu Oct 12 18:57:29 2023 
Gibbs Iteration 7000 ( 35 %) Time: Thu Oct 12 18:57:43 2023 
Gibbs Iteration 8000 ( 40 %) Time: Thu Oct 12 18:57:57 2023 
Gibbs Iteration 9000 ( 45 %) Time: Thu Oct 12 18:58:11 2023 
Gibbs Iteration 10000 ( 50 %) Time: Thu Oct 12 18:58:25 2023 
Gibbs Iteration 11000 ( 55 %) Time: Thu Oct 12 18:58:39 2023 
Gibbs Iteration 12000 ( 60 %) Time: Thu Oct 12 18:58:53 2023 
Gibbs Iteration 13000 ( 65 %) Time: Thu Oct 12 18:59:07 2023 
Gibbs Iteration 14000 ( 70 %) Time: Thu Oct 12 18:59:21 2023 
Gibbs Iteration 15000 ( 75 %) Time: Thu Oct 12 18:59:35 2023 
Gibbs Iteration 16000 ( 80 %) Time: Thu Oct 12 18:59:48 2023 
Gibbs Iteration 17000 ( 85 %) Time: Thu Oct 12 19:00:02 2023 
Gibbs Iteration 18000 ( 90 %) Time: Thu Oct 12 19:00:15 2023 
Gibbs Iteration 19000 ( 95 %) Time: Thu Oct 12 19:00:29 2023 
Gibbs Iteration 20000 ( 100 %) Time: Thu Oct 12 19:00:42 2023 
Post-Processing 20 ( 10 %) Time: Thu Oct 12 19:00:43 2023 
Post-Processing 40 ( 20 %) Time: Thu Oct 12 19:00:43 2023 
Post-Processing 60 ( 30 %) Time: Thu Oct 12 19:00:44 2023 
Post-Processing 80 ( 40 %) Time: Thu Oct 12 19:00:44 2023 
Post-Processing 100 ( 50 %) Time: Thu Oct 12 19:00:45 2023 
Post-Processing 120 ( 60 %) Time: Thu Oct 12 19:00:45 2023 
Post-Processing 140 ( 70 %) Time: Thu Oct 12 19:00:45 2023 
Post-Processing 160 ( 80 %) Time: Thu Oct 12 19:00:46 2023 
Post-Processing 180 ( 90 %) Time: Thu Oct 12 19:00:46 2023 
Post-Processing 200 ( 100 %) Time: Thu Oct 12 19:00:47 2023 
   user  system elapsed 
914.282   0.110 919.671 
Bur-In End 20000 Time: Thu Oct 12 19:17:43 2023 
Gibbs Iteration 1000 ( 5 %) Time: Thu Oct 12 19:18:33 2023 
Gibbs Iteration 2000 ( 10 %) Time: Thu Oct 12 19:19:25 2023 
Gibbs Iteration 3000 ( 15 %) Time: Thu Oct 12 19:20:15 2023 
Gibbs Iteration 4000 ( 20 %) Time: Thu Oct 12 19:20:59 2023 
Gibbs Iteration 5000 ( 25 %) Time: Thu Oct 12 19:21:42 2023 
Gibbs Iteration 6000 ( 30 %) Time: Thu Oct 12 19:22:26 2023 
Gibbs Iteration 7000 ( 35 %) Time: Thu Oct 12 19:23:13 2023 
Gibbs Iteration 8000 ( 40 %) Time: Thu Oct 12 19:24:07 2023 
Gibbs Iteration 9000 ( 45 %) Time: Thu Oct 12 19:25:01 2023 
Gibbs Iteration 10000 ( 50 %) Time: Thu Oct 12 19:25:45 2023 
Gibbs Iteration 11000 ( 55 %) Time: Thu Oct 12 19:26:31 2023 
Gibbs Iteration 12000 ( 60 %) Time: Thu Oct 12 19:27:24 2023 
Gibbs Iteration 13000 ( 65 %) Time: Thu Oct 12 19:28:18 2023 
Gibbs Iteration 14000 ( 70 %) Time: Thu Oct 12 19:29:12 2023 
Gibbs Iteration 15000 ( 75 %) Time: Thu Oct 12 19:30:07 2023 
Gibbs Iteration 16000 ( 80 %) Time: Thu Oct 12 19:30:59 2023 
Gibbs Iteration 17000 ( 85 %) Time: Thu Oct 12 19:31:54 2023 
Gibbs Iteration 18000 ( 90 %) Time: Thu Oct 12 19:32:47 2023 
Gibbs Iteration 19000 ( 95 %) Time: Thu Oct 12 19:33:40 2023 
Gibbs Iteration 20000 ( 100 %) Time: Thu Oct 12 19:34:34 2023 
Post-Processing 20 ( 10 %) Time: Thu Oct 12 19:34:35 2023 
Post-Processing 40 ( 20 %) Time: Thu Oct 12 19:34:35 2023 
Post-Processing 60 ( 30 %) Time: Thu Oct 12 19:34:36 2023 
Post-Processing 80 ( 40 %) Time: Thu Oct 12 19:34:36 2023 
Post-Processing 100 ( 50 %) Time: Thu Oct 12 19:34:37 2023 
Post-Processing 120 ( 60 %) Time: Thu Oct 12 19:34:37 2023 
Post-Processing 140 ( 70 %) Time: Thu Oct 12 19:34:38 2023 
Post-Processing 160 ( 80 %) Time: Thu Oct 12 19:34:38 2023 
Post-Processing 180 ( 90 %) Time: Thu Oct 12 19:34:39 2023 
Post-Processing 200 ( 100 %) Time: Thu Oct 12 19:34:39 2023 
    user   system  elapsed 
2021.018    0.070 2032.202 
Bur-In End 20000 Time: Thu Oct 12 21:54:53 2023 
Gibbs Iteration 1000 ( 5 %) Time: Thu Oct 12 22:01:55 2023 
Gibbs Iteration 2000 ( 10 %) Time: Thu Oct 12 22:08:39 2023 
Gibbs Iteration 3000 ( 15 %) Time: Thu Oct 12 22:14:54 2023 
Gibbs Iteration 4000 ( 20 %) Time: Thu Oct 12 22:21:15 2023 
Gibbs Iteration 5000 ( 25 %) Time: Thu Oct 12 22:28:02 2023 
Gibbs Iteration 6000 ( 30 %) Time: Thu Oct 12 22:34:44 2023 
Gibbs Iteration 7000 ( 35 %) Time: Thu Oct 12 22:41:21 2023 
Gibbs Iteration 8000 ( 40 %) Time: Thu Oct 12 22:47:20 2023 
Gibbs Iteration 9000 ( 45 %) Time: Thu Oct 12 22:52:57 2023 
Gibbs Iteration 10000 ( 50 %) Time: Thu Oct 12 22:58:33 2023 
Gibbs Iteration 11000 ( 55 %) Time: Thu Oct 12 23:04:12 2023 
Gibbs Iteration 12000 ( 60 %) Time: Thu Oct 12 23:09:47 2023 
Gibbs Iteration 13000 ( 65 %) Time: Thu Oct 12 23:15:26 2023 
Gibbs Iteration 14000 ( 70 %) Time: Thu Oct 12 23:21:01 2023 
Gibbs Iteration 15000 ( 75 %) Time: Thu Oct 12 23:26:45 2023 
Gibbs Iteration 16000 ( 80 %) Time: Thu Oct 12 23:32:25 2023 
Gibbs Iteration 17000 ( 85 %) Time: Thu Oct 12 23:38:25 2023 
Gibbs Iteration 18000 ( 90 %) Time: Thu Oct 12 23:44:56 2023 
Gibbs Iteration 19000 ( 95 %) Time: Thu Oct 12 23:51:28 2023 
Gibbs Iteration 20000 ( 100 %) Time: Thu Oct 12 23:57:57 2023 
Post-Processing 20 ( 10 %) Time: Thu Oct 12 23:57:57 2023 
Post-Processing 40 ( 20 %) Time: Thu Oct 12 23:57:58 2023 
Post-Processing 60 ( 30 %) Time: Thu Oct 12 23:57:58 2023 
Post-Processing 80 ( 40 %) Time: Thu Oct 12 23:57:59 2023 
Post-Processing 100 ( 50 %) Time: Thu Oct 12 23:57:59 2023 
Post-Processing 120 ( 60 %) Time: Thu Oct 12 23:58:00 2023 
Post-Processing 140 ( 70 %) Time: Thu Oct 12 23:58:00 2023 
Post-Processing 160 ( 80 %) Time: Thu Oct 12 23:58:01 2023 
Post-Processing 180 ( 90 %) Time: Thu Oct 12 23:58:01 2023 
Post-Processing 200 ( 100 %) Time: Thu Oct 12 23:58:02 2023 
     user    system   elapsed 
15736.935     0.157 15802.564 
