Thu Oct 12 18:31:37 EDT 2023
c0705a-s15.ufhpc
/home/woojung.bae/EDPmediation
Bur-In End 50000 Time: Thu Oct 12 18:37:13 2023 
Gibbs Iteration 2500 ( 5 %) Time: Thu Oct 12 18:37:26 2023 
Gibbs Iteration 5000 ( 10 %) Time: Thu Oct 12 18:37:39 2023 
Gibbs Iteration 7500 ( 15 %) Time: Thu Oct 12 18:37:53 2023 
Gibbs Iteration 10000 ( 20 %) Time: Thu Oct 12 18:38:06 2023 
Gibbs Iteration 12500 ( 25 %) Time: Thu Oct 12 18:38:19 2023 
Gibbs Iteration 15000 ( 30 %) Time: Thu Oct 12 18:38:32 2023 
Gibbs Iteration 17500 ( 35 %) Time: Thu Oct 12 18:38:43 2023 
Gibbs Iteration 20000 ( 40 %) Time: Thu Oct 12 18:38:54 2023 
Gibbs Iteration 22500 ( 45 %) Time: Thu Oct 12 18:39:04 2023 
Gibbs Iteration 25000 ( 50 %) Time: Thu Oct 12 18:39:14 2023 
Gibbs Iteration 27500 ( 55 %) Time: Thu Oct 12 18:39:24 2023 
Gibbs Iteration 30000 ( 60 %) Time: Thu Oct 12 18:39:34 2023 
Gibbs Iteration 32500 ( 65 %) Time: Thu Oct 12 18:39:45 2023 
Gibbs Iteration 35000 ( 70 %) Time: Thu Oct 12 18:39:55 2023 
Gibbs Iteration 37500 ( 75 %) Time: Thu Oct 12 18:40:05 2023 
Gibbs Iteration 40000 ( 80 %) Time: Thu Oct 12 18:40:15 2023 
Gibbs Iteration 42500 ( 85 %) Time: Thu Oct 12 18:40:25 2023 
Gibbs Iteration 45000 ( 90 %) Time: Thu Oct 12 18:40:36 2023 
Gibbs Iteration 47500 ( 95 %) Time: Thu Oct 12 18:40:46 2023 
Gibbs Iteration 50000 ( 100 %) Time: Thu Oct 12 18:40:57 2023 
Post-Processing 50 ( 10 %) Time: Thu Oct 12 18:40:58 2023 
Post-Processing 100 ( 20 %) Time: Thu Oct 12 18:40:59 2023 
Post-Processing 150 ( 30 %) Time: Thu Oct 12 18:41:00 2023 
Post-Processing 200 ( 40 %) Time: Thu Oct 12 18:41:01 2023 
Post-Processing 250 ( 50 %) Time: Thu Oct 12 18:41:02 2023 
Post-Processing 300 ( 60 %) Time: Thu Oct 12 18:41:03 2023 
Post-Processing 350 ( 70 %) Time: Thu Oct 12 18:41:04 2023 
Post-Processing 400 ( 80 %) Time: Thu Oct 12 18:41:05 2023 
Post-Processing 450 ( 90 %) Time: Thu Oct 12 18:41:06 2023 
Post-Processing 500 ( 100 %) Time: Thu Oct 12 18:41:07 2023 
   user  system elapsed 
521.279   0.097 524.699 
Bur-In End 50000 Time: Thu Oct 12 18:52:13 2023 
Gibbs Iteration 1000 ( 5 %) Time: Thu Oct 12 18:52:26 2023 
Gibbs Iteration 2000 ( 10 %) Time: Thu Oct 12 18:52:40 2023 
Gibbs Iteration 3000 ( 15 %) Time: Thu Oct 12 18:52:54 2023 
Gibbs Iteration 4000 ( 20 %) Time: Thu Oct 12 18:53:07 2023 
Gibbs Iteration 5000 ( 25 %) Time: Thu Oct 12 18:53:21 2023 
Gibbs Iteration 6000 ( 30 %) Time: Thu Oct 12 18:53:35 2023 
Gibbs Iteration 7000 ( 35 %) Time: Thu Oct 12 18:53:49 2023 
Gibbs Iteration 8000 ( 40 %) Time: Thu Oct 12 18:54:03 2023 
Gibbs Iteration 9000 ( 45 %) Time: Thu Oct 12 18:54:17 2023 
Gibbs Iteration 10000 ( 50 %) Time: Thu Oct 12 18:54:30 2023 
Gibbs Iteration 11000 ( 55 %) Time: Thu Oct 12 18:54:44 2023 
Gibbs Iteration 12000 ( 60 %) Time: Thu Oct 12 18:54:58 2023 
Gibbs Iteration 13000 ( 65 %) Time: Thu Oct 12 18:55:12 2023 
Gibbs Iteration 14000 ( 70 %) Time: Thu Oct 12 18:55:26 2023 
Gibbs Iteration 15000 ( 75 %) Time: Thu Oct 12 18:55:39 2023 
Gibbs Iteration 16000 ( 80 %) Time: Thu Oct 12 18:55:53 2023 
Gibbs Iteration 17000 ( 85 %) Time: Thu Oct 12 18:56:07 2023 
Gibbs Iteration 18000 ( 90 %) Time: Thu Oct 12 18:56:21 2023 
Gibbs Iteration 19000 ( 95 %) Time: Thu Oct 12 18:56:35 2023 
Gibbs Iteration 20000 ( 100 %) Time: Thu Oct 12 18:56:49 2023 
Post-Processing 20 ( 10 %) Time: Thu Oct 12 18:56:49 2023 
Post-Processing 40 ( 20 %) Time: Thu Oct 12 18:56:49 2023 
Post-Processing 60 ( 30 %) Time: Thu Oct 12 18:56:50 2023 
Post-Processing 80 ( 40 %) Time: Thu Oct 12 18:56:50 2023 
Post-Processing 100 ( 50 %) Time: Thu Oct 12 18:56:51 2023 
Post-Processing 120 ( 60 %) Time: Thu Oct 12 18:56:51 2023 
Post-Processing 140 ( 70 %) Time: Thu Oct 12 18:56:52 2023 
Post-Processing 160 ( 80 %) Time: Thu Oct 12 18:56:52 2023 
Post-Processing 180 ( 90 %) Time: Thu Oct 12 18:56:53 2023 
Post-Processing 200 ( 100 %) Time: Thu Oct 12 18:56:53 2023 
   user  system elapsed 
940.300   0.086 945.645 
Bur-In End 20000 Time: Thu Oct 12 19:07:38 2023 
Gibbs Iteration 1000 ( 5 %) Time: Thu Oct 12 19:08:09 2023 
Gibbs Iteration 2000 ( 10 %) Time: Thu Oct 12 19:08:40 2023 
Gibbs Iteration 3000 ( 15 %) Time: Thu Oct 12 19:09:12 2023 
Gibbs Iteration 4000 ( 20 %) Time: Thu Oct 12 19:09:42 2023 
Gibbs Iteration 5000 ( 25 %) Time: Thu Oct 12 19:10:13 2023 
Gibbs Iteration 6000 ( 30 %) Time: Thu Oct 12 19:10:44 2023 
Gibbs Iteration 7000 ( 35 %) Time: Thu Oct 12 19:11:15 2023 
Gibbs Iteration 8000 ( 40 %) Time: Thu Oct 12 19:11:46 2023 
Gibbs Iteration 9000 ( 45 %) Time: Thu Oct 12 19:12:16 2023 
Gibbs Iteration 10000 ( 50 %) Time: Thu Oct 12 19:12:48 2023 
Gibbs Iteration 11000 ( 55 %) Time: Thu Oct 12 19:13:19 2023 
Gibbs Iteration 12000 ( 60 %) Time: Thu Oct 12 19:13:55 2023 
Gibbs Iteration 13000 ( 65 %) Time: Thu Oct 12 19:14:31 2023 
Gibbs Iteration 14000 ( 70 %) Time: Thu Oct 12 19:15:07 2023 
Gibbs Iteration 15000 ( 75 %) Time: Thu Oct 12 19:15:44 2023 
Gibbs Iteration 16000 ( 80 %) Time: Thu Oct 12 19:16:20 2023 
Gibbs Iteration 17000 ( 85 %) Time: Thu Oct 12 19:16:56 2023 
Gibbs Iteration 18000 ( 90 %) Time: Thu Oct 12 19:17:33 2023 
Gibbs Iteration 19000 ( 95 %) Time: Thu Oct 12 19:18:09 2023 
Gibbs Iteration 20000 ( 100 %) Time: Thu Oct 12 19:18:40 2023 
Post-Processing 20 ( 10 %) Time: Thu Oct 12 19:18:41 2023 
Post-Processing 40 ( 20 %) Time: Thu Oct 12 19:18:41 2023 
Post-Processing 60 ( 30 %) Time: Thu Oct 12 19:18:42 2023 
Post-Processing 80 ( 40 %) Time: Thu Oct 12 19:18:42 2023 
Post-Processing 100 ( 50 %) Time: Thu Oct 12 19:18:42 2023 
Post-Processing 120 ( 60 %) Time: Thu Oct 12 19:18:43 2023 
Post-Processing 140 ( 70 %) Time: Thu Oct 12 19:18:43 2023 
Post-Processing 160 ( 80 %) Time: Thu Oct 12 19:18:44 2023 
Post-Processing 180 ( 90 %) Time: Thu Oct 12 19:18:44 2023 
Post-Processing 200 ( 100 %) Time: Thu Oct 12 19:18:44 2023 
    user   system  elapsed 
1305.080    0.145 1311.293 
Bur-In End 20000 Time: Thu Oct 12 21:16:26 2023 
Gibbs Iteration 1000 ( 5 %) Time: Thu Oct 12 21:23:13 2023 
Gibbs Iteration 2000 ( 10 %) Time: Thu Oct 12 21:30:01 2023 
Gibbs Iteration 3000 ( 15 %) Time: Thu Oct 12 21:36:52 2023 
Gibbs Iteration 4000 ( 20 %) Time: Thu Oct 12 21:43:42 2023 
Gibbs Iteration 5000 ( 25 %) Time: Thu Oct 12 21:50:27 2023 
Gibbs Iteration 6000 ( 30 %) Time: Thu Oct 12 21:57:13 2023 
Gibbs Iteration 7000 ( 35 %) Time: Thu Oct 12 22:03:59 2023 
Gibbs Iteration 8000 ( 40 %) Time: Thu Oct 12 22:10:45 2023 
Gibbs Iteration 9000 ( 45 %) Time: Thu Oct 12 22:17:34 2023 
Gibbs Iteration 10000 ( 50 %) Time: Thu Oct 12 22:24:17 2023 
Gibbs Iteration 11000 ( 55 %) Time: Thu Oct 12 22:31:03 2023 
Gibbs Iteration 12000 ( 60 %) Time: Thu Oct 12 22:37:51 2023 
Gibbs Iteration 13000 ( 65 %) Time: Thu Oct 12 22:44:36 2023 
Gibbs Iteration 14000 ( 70 %) Time: Thu Oct 12 22:51:24 2023 
Gibbs Iteration 15000 ( 75 %) Time: Thu Oct 12 22:58:07 2023 
Gibbs Iteration 16000 ( 80 %) Time: Thu Oct 12 23:04:15 2023 
Gibbs Iteration 17000 ( 85 %) Time: Thu Oct 12 23:10:19 2023 
Gibbs Iteration 18000 ( 90 %) Time: Thu Oct 12 23:16:26 2023 
Gibbs Iteration 19000 ( 95 %) Time: Thu Oct 12 23:23:07 2023 
Gibbs Iteration 20000 ( 100 %) Time: Thu Oct 12 23:29:54 2023 
Post-Processing 20 ( 10 %) Time: Thu Oct 12 23:29:55 2023 
Post-Processing 40 ( 20 %) Time: Thu Oct 12 23:29:55 2023 
Post-Processing 60 ( 30 %) Time: Thu Oct 12 23:29:56 2023 
Post-Processing 80 ( 40 %) Time: Thu Oct 12 23:29:56 2023 
Post-Processing 100 ( 50 %) Time: Thu Oct 12 23:29:57 2023 
Post-Processing 120 ( 60 %) Time: Thu Oct 12 23:29:57 2023 
Post-Processing 140 ( 70 %) Time: Thu Oct 12 23:29:58 2023 
Post-Processing 160 ( 80 %) Time: Thu Oct 12 23:29:58 2023 
Post-Processing 180 ( 90 %) Time: Thu Oct 12 23:29:59 2023 
Post-Processing 200 ( 100 %) Time: Thu Oct 12 23:29:59 2023 
    user   system  elapsed 
15013.53     0.28 15074.70 
