Thu Oct 12 18:31:37 EDT 2023
c0704a-s17.ufhpc
/home/woojung.bae/EDPmediation
Bur-In End 50000 Time: Thu Oct 12 18:35:36 2023 
Gibbs Iteration 2500 ( 5 %) Time: Thu Oct 12 18:35:45 2023 
Gibbs Iteration 5000 ( 10 %) Time: Thu Oct 12 18:35:54 2023 
Gibbs Iteration 7500 ( 15 %) Time: Thu Oct 12 18:36:03 2023 
Gibbs Iteration 10000 ( 20 %) Time: Thu Oct 12 18:36:12 2023 
Gibbs Iteration 12500 ( 25 %) Time: Thu Oct 12 18:36:21 2023 
Gibbs Iteration 15000 ( 30 %) Time: Thu Oct 12 18:36:30 2023 
Gibbs Iteration 17500 ( 35 %) Time: Thu Oct 12 18:36:40 2023 
Gibbs Iteration 20000 ( 40 %) Time: Thu Oct 12 18:36:49 2023 
Gibbs Iteration 22500 ( 45 %) Time: Thu Oct 12 18:36:58 2023 
Gibbs Iteration 25000 ( 50 %) Time: Thu Oct 12 18:37:07 2023 
Gibbs Iteration 27500 ( 55 %) Time: Thu Oct 12 18:37:17 2023 
Gibbs Iteration 30000 ( 60 %) Time: Thu Oct 12 18:37:25 2023 
Gibbs Iteration 32500 ( 65 %) Time: Thu Oct 12 18:37:34 2023 
Gibbs Iteration 35000 ( 70 %) Time: Thu Oct 12 18:37:44 2023 
Gibbs Iteration 37500 ( 75 %) Time: Thu Oct 12 18:37:53 2023 
Gibbs Iteration 40000 ( 80 %) Time: Thu Oct 12 18:38:03 2023 
Gibbs Iteration 42500 ( 85 %) Time: Thu Oct 12 18:38:12 2023 
Gibbs Iteration 45000 ( 90 %) Time: Thu Oct 12 18:38:21 2023 
Gibbs Iteration 47500 ( 95 %) Time: Thu Oct 12 18:38:30 2023 
Gibbs Iteration 50000 ( 100 %) Time: Thu Oct 12 18:38:39 2023 
Post-Processing 50 ( 10 %) Time: Thu Oct 12 18:38:40 2023 
Post-Processing 100 ( 20 %) Time: Thu Oct 12 18:38:41 2023 
Post-Processing 150 ( 30 %) Time: Thu Oct 12 18:38:42 2023 
Post-Processing 200 ( 40 %) Time: Thu Oct 12 18:38:43 2023 
Post-Processing 250 ( 50 %) Time: Thu Oct 12 18:38:43 2023 
Post-Processing 300 ( 60 %) Time: Thu Oct 12 18:38:44 2023 
Post-Processing 350 ( 70 %) Time: Thu Oct 12 18:38:45 2023 
Post-Processing 400 ( 80 %) Time: Thu Oct 12 18:38:46 2023 
Post-Processing 450 ( 90 %) Time: Thu Oct 12 18:38:47 2023 
Post-Processing 500 ( 100 %) Time: Thu Oct 12 18:38:48 2023 
   user  system elapsed 
383.884   0.080 386.748 
Bur-In End 50000 Time: Thu Oct 12 18:46:55 2023 
Gibbs Iteration 1000 ( 5 %) Time: Thu Oct 12 18:47:04 2023 
Gibbs Iteration 2000 ( 10 %) Time: Thu Oct 12 18:47:13 2023 
Gibbs Iteration 3000 ( 15 %) Time: Thu Oct 12 18:47:23 2023 
Gibbs Iteration 4000 ( 20 %) Time: Thu Oct 12 18:47:33 2023 
Gibbs Iteration 5000 ( 25 %) Time: Thu Oct 12 18:47:42 2023 
Gibbs Iteration 6000 ( 30 %) Time: Thu Oct 12 18:47:52 2023 
Gibbs Iteration 7000 ( 35 %) Time: Thu Oct 12 18:48:02 2023 
Gibbs Iteration 8000 ( 40 %) Time: Thu Oct 12 18:48:12 2023 
Gibbs Iteration 9000 ( 45 %) Time: Thu Oct 12 18:48:22 2023 
Gibbs Iteration 10000 ( 50 %) Time: Thu Oct 12 18:48:32 2023 
Gibbs Iteration 11000 ( 55 %) Time: Thu Oct 12 18:48:42 2023 
Gibbs Iteration 12000 ( 60 %) Time: Thu Oct 12 18:48:52 2023 
Gibbs Iteration 13000 ( 65 %) Time: Thu Oct 12 18:49:02 2023 
Gibbs Iteration 14000 ( 70 %) Time: Thu Oct 12 18:49:12 2023 
Gibbs Iteration 15000 ( 75 %) Time: Thu Oct 12 18:49:22 2023 
Gibbs Iteration 16000 ( 80 %) Time: Thu Oct 12 18:49:31 2023 
Gibbs Iteration 17000 ( 85 %) Time: Thu Oct 12 18:49:41 2023 
Gibbs Iteration 18000 ( 90 %) Time: Thu Oct 12 18:49:51 2023 
Gibbs Iteration 19000 ( 95 %) Time: Thu Oct 12 18:50:01 2023 
Gibbs Iteration 20000 ( 100 %) Time: Thu Oct 12 18:50:11 2023 
Post-Processing 20 ( 10 %) Time: Thu Oct 12 18:50:11 2023 
Post-Processing 40 ( 20 %) Time: Thu Oct 12 18:50:12 2023 
Post-Processing 60 ( 30 %) Time: Thu Oct 12 18:50:12 2023 
Post-Processing 80 ( 40 %) Time: Thu Oct 12 18:50:12 2023 
Post-Processing 100 ( 50 %) Time: Thu Oct 12 18:50:13 2023 
Post-Processing 120 ( 60 %) Time: Thu Oct 12 18:50:13 2023 
Post-Processing 140 ( 70 %) Time: Thu Oct 12 18:50:13 2023 
Post-Processing 160 ( 80 %) Time: Thu Oct 12 18:50:14 2023 
Post-Processing 180 ( 90 %) Time: Thu Oct 12 18:50:14 2023 
Post-Processing 200 ( 100 %) Time: Thu Oct 12 18:50:14 2023 
   user  system elapsed 
682.547   0.107 686.651 
Bur-In End 20000 Time: Thu Oct 12 19:00:35 2023 
Gibbs Iteration 1000 ( 5 %) Time: Thu Oct 12 19:01:05 2023 
Gibbs Iteration 2000 ( 10 %) Time: Thu Oct 12 19:01:35 2023 
Gibbs Iteration 3000 ( 15 %) Time: Thu Oct 12 19:02:05 2023 
Gibbs Iteration 4000 ( 20 %) Time: Thu Oct 12 19:02:35 2023 
Gibbs Iteration 5000 ( 25 %) Time: Thu Oct 12 19:03:05 2023 
Gibbs Iteration 6000 ( 30 %) Time: Thu Oct 12 19:03:35 2023 
Gibbs Iteration 7000 ( 35 %) Time: Thu Oct 12 19:04:05 2023 
Gibbs Iteration 8000 ( 40 %) Time: Thu Oct 12 19:04:36 2023 
Gibbs Iteration 9000 ( 45 %) Time: Thu Oct 12 19:05:06 2023 
Gibbs Iteration 10000 ( 50 %) Time: Thu Oct 12 19:05:36 2023 
Gibbs Iteration 11000 ( 55 %) Time: Thu Oct 12 19:06:07 2023 
Gibbs Iteration 12000 ( 60 %) Time: Thu Oct 12 19:06:38 2023 
Gibbs Iteration 13000 ( 65 %) Time: Thu Oct 12 19:07:08 2023 
Gibbs Iteration 14000 ( 70 %) Time: Thu Oct 12 19:07:39 2023 
Gibbs Iteration 15000 ( 75 %) Time: Thu Oct 12 19:08:09 2023 
Gibbs Iteration 16000 ( 80 %) Time: Thu Oct 12 19:08:39 2023 
Gibbs Iteration 17000 ( 85 %) Time: Thu Oct 12 19:09:09 2023 
Gibbs Iteration 18000 ( 90 %) Time: Thu Oct 12 19:09:39 2023 
Gibbs Iteration 19000 ( 95 %) Time: Thu Oct 12 19:10:09 2023 
Gibbs Iteration 20000 ( 100 %) Time: Thu Oct 12 19:10:40 2023 
Post-Processing 20 ( 10 %) Time: Thu Oct 12 19:10:40 2023 
Post-Processing 40 ( 20 %) Time: Thu Oct 12 19:10:40 2023 
Post-Processing 60 ( 30 %) Time: Thu Oct 12 19:10:41 2023 
Post-Processing 80 ( 40 %) Time: Thu Oct 12 19:10:41 2023 
Post-Processing 100 ( 50 %) Time: Thu Oct 12 19:10:41 2023 
Post-Processing 120 ( 60 %) Time: Thu Oct 12 19:10:42 2023 
Post-Processing 140 ( 70 %) Time: Thu Oct 12 19:10:42 2023 
Post-Processing 160 ( 80 %) Time: Thu Oct 12 19:10:42 2023 
Post-Processing 180 ( 90 %) Time: Thu Oct 12 19:10:43 2023 
Post-Processing 200 ( 100 %) Time: Thu Oct 12 19:10:43 2023 
    user   system  elapsed 
1222.344    0.156 1228.588 
Bur-In End 20000 Time: Thu Oct 12 20:47:27 2023 
Gibbs Iteration 1000 ( 5 %) Time: Thu Oct 12 20:52:09 2023 
Gibbs Iteration 2000 ( 10 %) Time: Thu Oct 12 20:56:50 2023 
Gibbs Iteration 3000 ( 15 %) Time: Thu Oct 12 21:01:35 2023 
Gibbs Iteration 4000 ( 20 %) Time: Thu Oct 12 21:06:19 2023 
Gibbs Iteration 5000 ( 25 %) Time: Thu Oct 12 21:11:05 2023 
Gibbs Iteration 6000 ( 30 %) Time: Thu Oct 12 21:15:49 2023 
Gibbs Iteration 7000 ( 35 %) Time: Thu Oct 12 21:20:34 2023 
Gibbs Iteration 8000 ( 40 %) Time: Thu Oct 12 21:25:17 2023 
Gibbs Iteration 9000 ( 45 %) Time: Thu Oct 12 21:29:57 2023 
Gibbs Iteration 10000 ( 50 %) Time: Thu Oct 12 21:34:40 2023 
Gibbs Iteration 11000 ( 55 %) Time: Thu Oct 12 21:39:24 2023 
Gibbs Iteration 12000 ( 60 %) Time: Thu Oct 12 21:44:07 2023 
Gibbs Iteration 13000 ( 65 %) Time: Thu Oct 12 21:48:57 2023 
Gibbs Iteration 14000 ( 70 %) Time: Thu Oct 12 21:53:43 2023 
Gibbs Iteration 15000 ( 75 %) Time: Thu Oct 12 21:58:26 2023 
Gibbs Iteration 16000 ( 80 %) Time: Thu Oct 12 22:03:11 2023 
Gibbs Iteration 17000 ( 85 %) Time: Thu Oct 12 22:07:53 2023 
Gibbs Iteration 18000 ( 90 %) Time: Thu Oct 12 22:12:33 2023 
Gibbs Iteration 19000 ( 95 %) Time: Thu Oct 12 22:17:11 2023 
Gibbs Iteration 20000 ( 100 %) Time: Thu Oct 12 22:21:51 2023 
Post-Processing 20 ( 10 %) Time: Thu Oct 12 22:21:51 2023 
Post-Processing 40 ( 20 %) Time: Thu Oct 12 22:21:52 2023 
Post-Processing 60 ( 30 %) Time: Thu Oct 12 22:21:52 2023 
Post-Processing 80 ( 40 %) Time: Thu Oct 12 22:21:52 2023 
Post-Processing 100 ( 50 %) Time: Thu Oct 12 22:21:53 2023 
Post-Processing 120 ( 60 %) Time: Thu Oct 12 22:21:53 2023 
Post-Processing 140 ( 70 %) Time: Thu Oct 12 22:21:53 2023 
Post-Processing 160 ( 80 %) Time: Thu Oct 12 22:21:54 2023 
Post-Processing 180 ( 90 %) Time: Thu Oct 12 22:21:54 2023 
Post-Processing 200 ( 100 %) Time: Thu Oct 12 22:21:54 2023 
     user    system   elapsed 
11364.334     0.359 11471.112 
