Thu Oct 12 18:31:37 EDT 2023
c0705a-s23.ufhpc
/home/woojung.bae/EDPmediation
Bur-In End 50000 Time: Thu Oct 12 18:38:13 2023 
Gibbs Iteration 2500 ( 5 %) Time: Thu Oct 12 18:38:31 2023 
Gibbs Iteration 5000 ( 10 %) Time: Thu Oct 12 18:38:49 2023 
Gibbs Iteration 7500 ( 15 %) Time: Thu Oct 12 18:39:06 2023 
Gibbs Iteration 10000 ( 20 %) Time: Thu Oct 12 18:39:24 2023 
Gibbs Iteration 12500 ( 25 %) Time: Thu Oct 12 18:39:44 2023 
Gibbs Iteration 15000 ( 30 %) Time: Thu Oct 12 18:40:04 2023 
Gibbs Iteration 17500 ( 35 %) Time: Thu Oct 12 18:40:22 2023 
Gibbs Iteration 20000 ( 40 %) Time: Thu Oct 12 18:40:40 2023 
Gibbs Iteration 22500 ( 45 %) Time: Thu Oct 12 18:40:57 2023 
Gibbs Iteration 25000 ( 50 %) Time: Thu Oct 12 18:41:15 2023 
Gibbs Iteration 27500 ( 55 %) Time: Thu Oct 12 18:41:33 2023 
Gibbs Iteration 30000 ( 60 %) Time: Thu Oct 12 18:41:52 2023 
Gibbs Iteration 32500 ( 65 %) Time: Thu Oct 12 18:42:09 2023 
Gibbs Iteration 35000 ( 70 %) Time: Thu Oct 12 18:42:27 2023 
Gibbs Iteration 37500 ( 75 %) Time: Thu Oct 12 18:42:46 2023 
Gibbs Iteration 40000 ( 80 %) Time: Thu Oct 12 18:43:03 2023 
Gibbs Iteration 42500 ( 85 %) Time: Thu Oct 12 18:43:22 2023 
Gibbs Iteration 45000 ( 90 %) Time: Thu Oct 12 18:43:40 2023 
Gibbs Iteration 47500 ( 95 %) Time: Thu Oct 12 18:43:58 2023 
Gibbs Iteration 50000 ( 100 %) Time: Thu Oct 12 18:44:16 2023 
Post-Processing 50 ( 10 %) Time: Thu Oct 12 18:44:17 2023 
Post-Processing 100 ( 20 %) Time: Thu Oct 12 18:44:19 2023 
Post-Processing 150 ( 30 %) Time: Thu Oct 12 18:44:20 2023 
Post-Processing 200 ( 40 %) Time: Thu Oct 12 18:44:21 2023 
Post-Processing 250 ( 50 %) Time: Thu Oct 12 18:44:23 2023 
Post-Processing 300 ( 60 %) Time: Thu Oct 12 18:44:24 2023 
Post-Processing 350 ( 70 %) Time: Thu Oct 12 18:44:25 2023 
Post-Processing 400 ( 80 %) Time: Thu Oct 12 18:44:26 2023 
Post-Processing 450 ( 90 %) Time: Thu Oct 12 18:44:28 2023 
Post-Processing 500 ( 100 %) Time: Thu Oct 12 18:44:29 2023 
   user  system elapsed 
731.098   0.070 735.588 
Bur-In End 50000 Time: Thu Oct 12 18:59:08 2023 
Gibbs Iteration 1000 ( 5 %) Time: Thu Oct 12 18:59:25 2023 
Gibbs Iteration 2000 ( 10 %) Time: Thu Oct 12 18:59:41 2023 
Gibbs Iteration 3000 ( 15 %) Time: Thu Oct 12 18:59:58 2023 
Gibbs Iteration 4000 ( 20 %) Time: Thu Oct 12 19:00:15 2023 
Gibbs Iteration 5000 ( 25 %) Time: Thu Oct 12 19:00:32 2023 
Gibbs Iteration 6000 ( 30 %) Time: Thu Oct 12 19:00:48 2023 
Gibbs Iteration 7000 ( 35 %) Time: Thu Oct 12 19:01:04 2023 
Gibbs Iteration 8000 ( 40 %) Time: Thu Oct 12 19:01:20 2023 
Gibbs Iteration 9000 ( 45 %) Time: Thu Oct 12 19:01:36 2023 
Gibbs Iteration 10000 ( 50 %) Time: Thu Oct 12 19:01:52 2023 
Gibbs Iteration 11000 ( 55 %) Time: Thu Oct 12 19:02:08 2023 
Gibbs Iteration 12000 ( 60 %) Time: Thu Oct 12 19:02:24 2023 
Gibbs Iteration 13000 ( 65 %) Time: Thu Oct 12 19:02:40 2023 
Gibbs Iteration 14000 ( 70 %) Time: Thu Oct 12 19:02:56 2023 
Gibbs Iteration 15000 ( 75 %) Time: Thu Oct 12 19:03:12 2023 
Gibbs Iteration 16000 ( 80 %) Time: Thu Oct 12 19:03:28 2023 
Gibbs Iteration 17000 ( 85 %) Time: Thu Oct 12 19:03:44 2023 
Gibbs Iteration 18000 ( 90 %) Time: Thu Oct 12 19:03:58 2023 
Gibbs Iteration 19000 ( 95 %) Time: Thu Oct 12 19:04:14 2023 
Gibbs Iteration 20000 ( 100 %) Time: Thu Oct 12 19:04:28 2023 
Post-Processing 20 ( 10 %) Time: Thu Oct 12 19:04:28 2023 
Post-Processing 40 ( 20 %) Time: Thu Oct 12 19:04:29 2023 
Post-Processing 60 ( 30 %) Time: Thu Oct 12 19:04:29 2023 
Post-Processing 80 ( 40 %) Time: Thu Oct 12 19:04:30 2023 
Post-Processing 100 ( 50 %) Time: Thu Oct 12 19:04:30 2023 
Post-Processing 120 ( 60 %) Time: Thu Oct 12 19:04:31 2023 
Post-Processing 140 ( 70 %) Time: Thu Oct 12 19:04:31 2023 
Post-Processing 160 ( 80 %) Time: Thu Oct 12 19:04:32 2023 
Post-Processing 180 ( 90 %) Time: Thu Oct 12 19:04:32 2023 
Post-Processing 200 ( 100 %) Time: Thu Oct 12 19:04:33 2023 
    user   system  elapsed 
1197.053    0.137 1203.589 
Bur-In End 20000 Time: Thu Oct 12 19:22:40 2023 
Gibbs Iteration 1000 ( 5 %) Time: Thu Oct 12 19:23:31 2023 
Gibbs Iteration 2000 ( 10 %) Time: Thu Oct 12 19:24:27 2023 
Gibbs Iteration 3000 ( 15 %) Time: Thu Oct 12 19:25:17 2023 
Gibbs Iteration 4000 ( 20 %) Time: Thu Oct 12 19:26:08 2023 
Gibbs Iteration 5000 ( 25 %) Time: Thu Oct 12 19:27:03 2023 
Gibbs Iteration 6000 ( 30 %) Time: Thu Oct 12 19:28:01 2023 
Gibbs Iteration 7000 ( 35 %) Time: Thu Oct 12 19:28:56 2023 
Gibbs Iteration 8000 ( 40 %) Time: Thu Oct 12 19:29:53 2023 
Gibbs Iteration 9000 ( 45 %) Time: Thu Oct 12 19:30:50 2023 
Gibbs Iteration 10000 ( 50 %) Time: Thu Oct 12 19:31:45 2023 
Gibbs Iteration 11000 ( 55 %) Time: Thu Oct 12 19:32:39 2023 
Gibbs Iteration 12000 ( 60 %) Time: Thu Oct 12 19:33:33 2023 
Gibbs Iteration 13000 ( 65 %) Time: Thu Oct 12 19:34:31 2023 
Gibbs Iteration 14000 ( 70 %) Time: Thu Oct 12 19:35:23 2023 
Gibbs Iteration 15000 ( 75 %) Time: Thu Oct 12 19:36:15 2023 
Gibbs Iteration 16000 ( 80 %) Time: Thu Oct 12 19:37:08 2023 
Gibbs Iteration 17000 ( 85 %) Time: Thu Oct 12 19:38:00 2023 
Gibbs Iteration 18000 ( 90 %) Time: Thu Oct 12 19:38:49 2023 
Gibbs Iteration 19000 ( 95 %) Time: Thu Oct 12 19:39:41 2023 
Gibbs Iteration 20000 ( 100 %) Time: Thu Oct 12 19:40:32 2023 
Post-Processing 20 ( 10 %) Time: Thu Oct 12 19:40:32 2023 
Post-Processing 40 ( 20 %) Time: Thu Oct 12 19:40:33 2023 
Post-Processing 60 ( 30 %) Time: Thu Oct 12 19:40:33 2023 
Post-Processing 80 ( 40 %) Time: Thu Oct 12 19:40:34 2023 
Post-Processing 100 ( 50 %) Time: Thu Oct 12 19:40:34 2023 
Post-Processing 120 ( 60 %) Time: Thu Oct 12 19:40:35 2023 
Post-Processing 140 ( 70 %) Time: Thu Oct 12 19:40:35 2023 
Post-Processing 160 ( 80 %) Time: Thu Oct 12 19:40:36 2023 
Post-Processing 180 ( 90 %) Time: Thu Oct 12 19:40:36 2023 
Post-Processing 200 ( 100 %) Time: Thu Oct 12 19:40:37 2023 
    user   system  elapsed 
2154.303    0.108 2164.339 
Bur-In End 20000 Time: Thu Oct 12 22:27:42 2023 
Gibbs Iteration 1000 ( 5 %) Time: Thu Oct 12 22:36:54 2023 
Gibbs Iteration 2000 ( 10 %) Time: Thu Oct 12 22:45:36 2023 
Gibbs Iteration 3000 ( 15 %) Time: Thu Oct 12 22:54:30 2023 
Gibbs Iteration 4000 ( 20 %) Time: Thu Oct 12 23:03:28 2023 
Gibbs Iteration 5000 ( 25 %) Time: Thu Oct 12 23:11:52 2023 
Gibbs Iteration 6000 ( 30 %) Time: Thu Oct 12 23:20:19 2023 
Gibbs Iteration 7000 ( 35 %) Time: Thu Oct 12 23:28:39 2023 
Gibbs Iteration 8000 ( 40 %) Time: Thu Oct 12 23:37:03 2023 
Gibbs Iteration 9000 ( 45 %) Time: Thu Oct 12 23:45:18 2023 
Gibbs Iteration 10000 ( 50 %) Time: Thu Oct 12 23:53:34 2023 
Gibbs Iteration 11000 ( 55 %) Time: Fri Oct 13 00:01:48 2023 
Gibbs Iteration 12000 ( 60 %) Time: Fri Oct 13 00:10:06 2023 
Gibbs Iteration 13000 ( 65 %) Time: Fri Oct 13 00:18:28 2023 
Gibbs Iteration 14000 ( 70 %) Time: Fri Oct 13 00:26:46 2023 
Gibbs Iteration 15000 ( 75 %) Time: Fri Oct 13 00:35:05 2023 
Gibbs Iteration 16000 ( 80 %) Time: Fri Oct 13 00:43:17 2023 
Gibbs Iteration 17000 ( 85 %) Time: Fri Oct 13 00:51:29 2023 
Gibbs Iteration 18000 ( 90 %) Time: Fri Oct 13 01:00:06 2023 
Gibbs Iteration 19000 ( 95 %) Time: Fri Oct 13 01:09:16 2023 
Gibbs Iteration 20000 ( 100 %) Time: Fri Oct 13 01:18:31 2023 
Post-Processing 20 ( 10 %) Time: Fri Oct 13 01:18:31 2023 
Post-Processing 40 ( 20 %) Time: Fri Oct 13 01:18:32 2023 
Post-Processing 60 ( 30 %) Time: Fri Oct 13 01:18:32 2023 
Post-Processing 80 ( 40 %) Time: Fri Oct 13 01:18:33 2023 
Post-Processing 100 ( 50 %) Time: Fri Oct 13 01:18:33 2023 
Post-Processing 120 ( 60 %) Time: Fri Oct 13 01:18:34 2023 
Post-Processing 140 ( 70 %) Time: Fri Oct 13 01:18:34 2023 
Post-Processing 160 ( 80 %) Time: Fri Oct 13 01:18:35 2023 
Post-Processing 180 ( 90 %) Time: Fri Oct 13 01:18:35 2023 
Post-Processing 200 ( 100 %) Time: Fri Oct 13 01:18:36 2023 
     user    system   elapsed 
20168.488     0.074 20278.860 
